<?xml version="1.0" encoding="UTF-8"?>
<!-- Generated by org.testng.reporters.JUnitReportReporter -->
<testsuite skipped="0" hostname="itadmin" name="ProfesionalMedia.profesional" tests="3" failures="0" timestamp="09 Sep 2019 10:22:44 GMT" time="0.003" errors="0">
  <testcase name="Insight" time="0.001" classname="ProfesionalMedia.profesional"/>
  <testcase name="Linkedin" time="0.001" classname="ProfesionalMedia.profesional"/>
  <testcase name="Glassdoor" time="0.001" classname="ProfesionalMedia.profesional"/>
</testsuite> <!-- ProfesionalMedia.profesional -->
