<?xml version="1.0" encoding="UTF-8"?>
<!-- Generated by org.testng.reporters.JUnitReportReporter -->
<testsuite skipped="0" hostname="itadmin" name="SocialMedia.social" tests="3" failures="0" timestamp="09 Sep 2019 10:22:44 GMT" time="0.010" errors="0">
  <testcase name="Twitter" time="0.001" classname="SocialMedia.social"/>
  <testcase name="Instagram" time="0.001" classname="SocialMedia.social"/>
  <testcase name="FaceBook" time="0.008" classname="SocialMedia.social"/>
</testsuite> <!-- SocialMedia.social -->
